# JRE version: OpenJDK Runtime Environment (18.0.1.1+2) (build 18.0.1.1+2-6)
# Java VM: OpenJDK 64-Bit Server VM (18.0.1.1+2-6, mixed mode, sharing, tiered, compressed oops, compressed class ptrs, g1 gc, windows-amd64)
GC Precious Log:
 CardTable entry size: 512
 Card Set container configuration: InlinePtr #cards 5 size 8 Array Of Cards #cards 12 size 40 Howl #buckets 4 coarsen threshold 1843 Howl Bitmap #cards 512 size 80 coarsen threshold 460 Card regions per heap region 1 cards per card region 2048
 CPUs: 4 total, 4 available
 Memory: 3996M
 Large Page Support: Disabled
 NUMA Support: Disabled
 Compressed Oops: Enabled (32-bit)
 Heap Region Size: 1M
 Heap Min Capacity: 8M
 Heap Initial Capacity: 64M
 Heap Max Capacity: 1000M
 Pre-touch: Disabled
 Parallel Workers: 4
 Concurrent Workers: 1
 Concurrent Refinement Workers: 4
 Periodic GC: Disabled
Heap:
 garbage-first heap   total 80896K, used 17337K [0x00000000c1800000, 0x0000000100000000)
  region size 1024K, 2 young (2048K), 1 survivors (1024K)
 Metaspace       used 21925K, committed 22272K, reserved 1114112K
  class space    used 2434K, committed 2560K, reserved 1048576K
GC Heap History (18 events):
Event: 1.487 GC heap before
{Heap before GC invocations=0 (full 0):
 garbage-first heap   total 65536K, used 12288K [0x00000000c1800000, 0x0000000100000000)
  region size 1024K, 13 young (13312K), 0 survivors (0K)
 Metaspace       used 4020K, committed 4224K, reserved 1114112K
  class space    used 414K, committed 512K, reserved 1048576K
}
Event: 1.497 GC heap after
{Heap after GC invocations=1 (full 0):
 garbage-first heap   total 65536K, used 3328K [0x00000000c1800000, 0x0000000100000000)
  region size 1024K, 2 young (2048K), 2 survivors (2048K)
 Metaspace       used 4020K, committed 4224K, reserved 1114112K
  class space    used 414K, committed 512K, reserved 1048576K
}
Event: 1.891 GC heap before
{Heap before GC invocations=1 (full 0):
 garbage-first heap   total 65536K, used 15616K [0x00000000c1800000, 0x0000000100000000)
  region size 1024K, 14 young (14336K), 2 survivors (2048K)
 Metaspace       used 5620K, committed 5824K, reserved 1114112K
  class space    used 641K, committed 768K, reserved 1048576K
}
Event: 1.897 GC heap after
{Heap after GC invocations=2 (full 0):
 garbage-first heap   total 65536K, used 4058K [0x00000000c1800000, 0x0000000100000000)
  region size 1024K, 1 young (1024K), 1 survivors (1024K)
 Metaspace       used 5620K, committed 5824K, reserved 1114112K
  class space    used 641K, committed 768K, reserved 1048576K
}
Event: 2.718 GC heap before
{Heap before GC invocations=2 (full 0):
 garbage-first heap   total 65536K, used 29658K [0x00000000c1800000, 0x0000000100000000)
  region size 1024K, 26 young (26624K), 1 survivors (1024K)
 Metaspace       used 9813K, committed 10048K, reserved 1114112K
  class space    used 1161K, committed 1280K, reserved 1048576K
}
Event: 2.723 GC heap after
{Heap after GC invocations=3 (full 0):
 garbage-first heap   total 65536K, used 5595K [0x00000000c1800000, 0x0000000100000000)
  region size 1024K, 3 young (3072K), 3 survivors (3072K)
 Metaspace       used 9813K, committed 10048K, reserved 1114112K
  class space    used 1161K, committed 1280K, reserved 1048576K
}
Event: 4.734 GC heap before
{Heap before GC invocations=3 (full 0):
 garbage-first heap   total 65536K, used 41435K [0x00000000c1800000, 0x0000000100000000)
  region size 1024K, 38 young (38912K), 3 survivors (3072K)
 Metaspace       used 13173K, committed 13440K, reserved 1114112K
  class space    used 1490K, committed 1600K, reserved 1048576K
}
Event: 4.748 GC heap after
{Heap after GC invocations=4 (full 0):
 garbage-first heap   total 65536K, used 9870K [0x00000000c1800000, 0x0000000100000000)
  region size 1024K, 5 young (5120K), 5 survivors (5120K)
 Metaspace       used 13173K, committed 13440K, reserved 1114112K
  class space    used 1490K, committed 1600K, reserved 1048576K
}
Event: 7.451 GC heap before
{Heap before GC invocations=4 (full 0):
 garbage-first heap   total 65536K, used 43662K [0x00000000c1800000, 0x0000000100000000)
  region size 1024K, 38 young (38912K), 5 survivors (5120K)
 Metaspace       used 13653K, committed 13888K, reserved 1114112K
  class space    used 1506K, committed 1600K, reserved 1048576K
}
Event: 7.471 GC heap after
{Heap after GC invocations=5 (full 0):
 garbage-first heap   total 65536K, used 12461K [0x00000000c1800000, 0x0000000100000000)
  region size 1024K, 3 young (3072K), 3 survivors (3072K)
 Metaspace       used 13653K, committed 13888K, reserved 1114112K
  class space    used 1506K, committed 1600K, reserved 1048576K
}
Event: 10.210 GC heap before
{Heap before GC invocations=5 (full 0):
 garbage-first heap   total 65536K, used 41133K [0x00000000c1800000, 0x0000000100000000)
  region size 1024K, 24 young (24576K), 3 survivors (3072K)
 Metaspace       used 14838K, committed 15168K, reserved 1114112K
  class space    used 1608K, committed 1792K, reserved 1048576K
}
Event: 10.218 GC heap after
{Heap after GC invocations=6 (full 0):
 garbage-first heap   total 65536K, used 21774K [0x00000000c1800000, 0x0000000100000000)
  region size 1024K, 4 young (4096K), 4 survivors (4096K)
 Metaspace       used 14838K, committed 15168K, reserved 1114112K
  class space    used 1608K, committed 1792K, reserved 1048576K
}
Event: 10.234 GC heap before
{Heap before GC invocations=6 (full 0):
 garbage-first heap   total 65536K, used 34062K [0x00000000c1800000, 0x0000000100000000)
  region size 1024K, 5 young (5120K), 4 survivors (4096K)
 Metaspace       used 14838K, committed 15168K, reserved 1114112K
  class space    used 1608K, committed 1792K, reserved 1048576K
}
Event: 10.241 GC heap after
{Heap after GC invocations=7 (full 0):
 garbage-first heap   total 65536K, used 34521K [0x00000000c1800000, 0x0000000100000000)
  region size 1024K, 2 young (2048K), 2 survivors (2048K)
 Metaspace       used 14838K, committed 15168K, reserved 1114112K
  class space    used 1608K, committed 1792K, reserved 1048576K
}
Event: 12.024 GC heap before
{Heap before GC invocations=8 (full 0):
 garbage-first heap   total 80896K, used 65241K [0x00000000c1800000, 0x0000000100000000)
  region size 1024K, 20 young (20480K), 2 survivors (2048K)
 Metaspace       used 21536K, committed 21888K, reserved 1114112K
  class space    used 2412K, committed 2560K, reserved 1048576K
}
Event: 12.034 GC heap after
{Heap after GC invocations=9 (full 0):
 garbage-first heap   total 80896K, used 16558K [0x00000000c1800000, 0x0000000100000000)
  region size 1024K, 3 young (3072K), 3 survivors (3072K)
 Metaspace       used 21536K, committed 21888K, reserved 1114112K
  class space    used 2412K, committed 2560K, reserved 1048576K
}
Event: 12.043 GC heap before
{Heap before GC invocations=9 (full 0):
 garbage-first heap   total 80896K, used 16558K [0x00000000c1800000, 0x0000000100000000)
  region size 1024K, 4 young (4096K), 3 survivors (3072K)
 Metaspace       used 21536K, committed 21888K, reserved 1114112K
  class space    used 2412K, committed 2560K, reserved 1048576K
}
Event: 12.051 GC heap after
{Heap after GC invocations=10 (full 0):
 garbage-first heap   total 80896K, used 17337K [0x00000000c1800000, 0x0000000100000000)
  region size 1024K, 1 young (1024K), 1 survivors (1024K)
 Metaspace       used 21536K, committed 21888K, reserved 1114112K
  class space    used 2412K, committed 2560K, reserved 1048576K
}

